<?xml version="1.0" encoding="UTF-8"?>
<testsuite xmlns:xsi="http://www.w3.org/2001/XMLSchema-instance" xsi:noNamespaceSchemaLocation="https://maven.apache.org/surefire/maven-surefire-plugin/xsd/surefire-test-report-3.0.xsd" version="3.0" name="com.algonquincollege.cst8277.models.EmployeePhonesTestSuite" time="1.903" tests="12" errors="0" skipped="0" failures="0">
  <properties>
[...]
</properties>
  <testcase name="_01_test_phone_not_belong_to_employee_at_start" classname="com.algonquincollege.cst8277.models.EmployeePhonesTestSuite" time="0.008"/>
  <testcase name="_02_test_create_two_phones_belong_to_employee1" classname="com.algonquincollege.cst8277.models.EmployeePhonesTestSuite" time="0.032"/>
  <testcase name="_03_test_read_phones_list_not_null" classname="com.algonquincollege.cst8277.models.EmployeePhonesTestSuite" time="0.01"/>
  <testcase name="_04_test_count_phones" classname="com.algonquincollege.cst8277.models.EmployeePhonesTestSuite" time="0.004"/>
  <testcase name="_05_test_count_phones_has_same_type" classname="com.algonquincollege.cst8277.models.EmployeePhonesTestSuite" time="0.005"/>
  <testcase name="_06_test_update_phone_number_detached" classname="com.algonquincollege.cst8277.models.EmployeePhonesTestSuite" time="0.013"/>
  <testcase name="_07_test_update_phone_with_owner_attached" classname="com.algonquincollege.cst8277.models.EmployeePhonesTestSuite" time="0.024"/>
  <testcase name="_08_test_phones_order_by_type" classname="com.algonquincollege.cst8277.models.EmployeePhonesTestSuite" time="0.014"/>
  <testcase name="_09_test_count_phones_of_owner" classname="com.algonquincollege.cst8277.models.EmployeePhonesTestSuite" time="0.014"/>
  <testcase name="_10_test_remove_phone1_without_owner" classname="com.algonquincollege.cst8277.models.EmployeePhonesTestSuite" time="0.017"/>
  <testcase name="_11_test_delete_phone_from_owner" classname="com.algonquincollege.cst8277.models.EmployeePhonesTestSuite" time="0.006"/>
  <testcase name="_12_test_delete_owner_from_phone" classname="com.algonquincollege.cst8277.models.EmployeePhonesTestSuite" time="0.03"/>
</testsuite>